CRITICAL - 2023-07-21 18:33:10 --> Invalid file: "welcome_message.php"
in SYSTEMPATH\Exceptions\FrameworkException.php on line 33.
 1 SYSTEMPATH\View\View.php(212): CodeIgniter\Exceptions\FrameworkException::forInvalidFile()
 2 SYSTEMPATH\Common.php(1180): CodeIgniter\View\View->render()
 3 APPPATH\Controllers\Home.php(9): view()
 4 SYSTEMPATH\CodeIgniter.php(932): App\Controllers\Home->index()
 5 SYSTEMPATH\CodeIgniter.php(497): CodeIgniter\CodeIgniter->runController()
 6 SYSTEMPATH\CodeIgniter.php(366): CodeIgniter\CodeIgniter->handleRequest()
 7 FCPATH\index.php(67): CodeIgniter\CodeIgniter->run()
 8 SYSTEMPATH\Commands\Server\rewrite.php(47): require_once('C:\\laragon\\www\\asadashboard\\public\\index.php')
CRITICAL - 2023-07-21 18:33:11 --> Invalid file: "welcome_message.php"
in SYSTEMPATH\Exceptions\FrameworkException.php on line 33.
 1 SYSTEMPATH\View\View.php(212): CodeIgniter\Exceptions\FrameworkException::forInvalidFile()
 2 SYSTEMPATH\Common.php(1180): CodeIgniter\View\View->render()
 3 APPPATH\Controllers\Home.php(9): view()
 4 SYSTEMPATH\CodeIgniter.php(932): App\Controllers\Home->index()
 5 SYSTEMPATH\CodeIgniter.php(497): CodeIgniter\CodeIgniter->runController()
 6 SYSTEMPATH\CodeIgniter.php(366): CodeIgniter\CodeIgniter->handleRequest()
 7 FCPATH\index.php(67): CodeIgniter\CodeIgniter->run()
 8 SYSTEMPATH\Commands\Server\rewrite.php(47): require_once('C:\\laragon\\www\\asadashboard\\public\\index.php')
CRITICAL - 2023-07-21 18:47:36 --> Undefined constant "CodeIgniter\Database\MySQLi\MYSQLI_STORE_RESULT"
in SYSTEMPATH\Database\Database.php on line 137.
 1 SYSTEMPATH\Database\Database.php(55): CodeIgniter\Database\Database->initDriver()
 2 SYSTEMPATH\Database\Config.php(82): CodeIgniter\Database\Database->load()
 3 SYSTEMPATH\Model.php(155): CodeIgniter\Database\Config::connect()
 4 APPPATH\Controllers\Phases.php(18): CodeIgniter\Model->__construct()
 5 SYSTEMPATH\CodeIgniter.php(904): App\Controllers\Phases->__construct()
 6 SYSTEMPATH\CodeIgniter.php(488): CodeIgniter\CodeIgniter->createController()
 7 SYSTEMPATH\CodeIgniter.php(366): CodeIgniter\CodeIgniter->handleRequest()
 8 FCPATH\index.php(67): CodeIgniter\CodeIgniter->run()
 9 SYSTEMPATH\Commands\Server\rewrite.php(47): require_once('C:\\laragon\\www\\asadashboard\\public\\index.php')
CRITICAL - 2023-07-21 18:47:40 --> Undefined constant "CodeIgniter\Database\MySQLi\MYSQLI_STORE_RESULT"
in SYSTEMPATH\Database\Database.php on line 137.
 1 SYSTEMPATH\Database\Database.php(55): CodeIgniter\Database\Database->initDriver()
 2 SYSTEMPATH\Database\Config.php(82): CodeIgniter\Database\Database->load()
 3 SYSTEMPATH\Model.php(155): CodeIgniter\Database\Config::connect()
 4 APPPATH\Controllers\Phases.php(18): CodeIgniter\Model->__construct()
 5 SYSTEMPATH\CodeIgniter.php(904): App\Controllers\Phases->__construct()
 6 SYSTEMPATH\CodeIgniter.php(488): CodeIgniter\CodeIgniter->createController()
 7 SYSTEMPATH\CodeIgniter.php(366): CodeIgniter\CodeIgniter->handleRequest()
 8 FCPATH\index.php(67): CodeIgniter\CodeIgniter->run()
 9 SYSTEMPATH\Commands\Server\rewrite.php(47): require_once('C:\\laragon\\www\\asadashboard\\public\\index.php')
CRITICAL - 2023-07-21 18:47:54 --> Undefined constant "CodeIgniter\Database\MySQLi\MYSQLI_STORE_RESULT"
in SYSTEMPATH\Database\Database.php on line 137.
 1 SYSTEMPATH\Database\Database.php(55): CodeIgniter\Database\Database->initDriver()
 2 SYSTEMPATH\Database\Config.php(82): CodeIgniter\Database\Database->load()
 3 SYSTEMPATH\Model.php(155): CodeIgniter\Database\Config::connect()
 4 APPPATH\Controllers\Phases.php(18): CodeIgniter\Model->__construct()
 5 SYSTEMPATH\CodeIgniter.php(904): App\Controllers\Phases->__construct()
 6 SYSTEMPATH\CodeIgniter.php(488): CodeIgniter\CodeIgniter->createController()
 7 SYSTEMPATH\CodeIgniter.php(366): CodeIgniter\CodeIgniter->handleRequest()
 8 FCPATH\index.php(67): CodeIgniter\CodeIgniter->run()
 9 SYSTEMPATH\Commands\Server\rewrite.php(47): require_once('C:\\laragon\\www\\asadashboard\\public\\index.php')
CRITICAL - 2023-07-21 18:47:55 --> Undefined constant "CodeIgniter\Database\MySQLi\MYSQLI_STORE_RESULT"
in SYSTEMPATH\Database\Database.php on line 137.
 1 SYSTEMPATH\Database\Database.php(55): CodeIgniter\Database\Database->initDriver()
 2 SYSTEMPATH\Database\Config.php(82): CodeIgniter\Database\Database->load()
 3 SYSTEMPATH\Model.php(155): CodeIgniter\Database\Config::connect()
 4 APPPATH\Controllers\Phases.php(18): CodeIgniter\Model->__construct()
 5 SYSTEMPATH\CodeIgniter.php(904): App\Controllers\Phases->__construct()
 6 SYSTEMPATH\CodeIgniter.php(488): CodeIgniter\CodeIgniter->createController()
 7 SYSTEMPATH\CodeIgniter.php(366): CodeIgniter\CodeIgniter->handleRequest()
 8 FCPATH\index.php(67): CodeIgniter\CodeIgniter->run()
 9 SYSTEMPATH\Commands\Server\rewrite.php(47): require_once('C:\\laragon\\www\\asadashboard\\public\\index.php')
CRITICAL - 2023-07-21 18:47:55 --> Undefined constant "CodeIgniter\Database\MySQLi\MYSQLI_STORE_RESULT"
in SYSTEMPATH\Database\Database.php on line 137.
 1 SYSTEMPATH\Database\Database.php(55): CodeIgniter\Database\Database->initDriver()
 2 SYSTEMPATH\Database\Config.php(82): CodeIgniter\Database\Database->load()
 3 SYSTEMPATH\Model.php(155): CodeIgniter\Database\Config::connect()
 4 APPPATH\Controllers\Phases.php(18): CodeIgniter\Model->__construct()
 5 SYSTEMPATH\CodeIgniter.php(904): App\Controllers\Phases->__construct()
 6 SYSTEMPATH\CodeIgniter.php(488): CodeIgniter\CodeIgniter->createController()
 7 SYSTEMPATH\CodeIgniter.php(366): CodeIgniter\CodeIgniter->handleRequest()
 8 FCPATH\index.php(67): CodeIgniter\CodeIgniter->run()
 9 SYSTEMPATH\Commands\Server\rewrite.php(47): require_once('C:\\laragon\\www\\asadashboard\\public\\index.php')
CRITICAL - 2023-07-21 18:47:55 --> Undefined constant "CodeIgniter\Database\MySQLi\MYSQLI_STORE_RESULT"
in SYSTEMPATH\Database\Database.php on line 137.
 1 SYSTEMPATH\Database\Database.php(55): CodeIgniter\Database\Database->initDriver()
 2 SYSTEMPATH\Database\Config.php(82): CodeIgniter\Database\Database->load()
 3 SYSTEMPATH\Model.php(155): CodeIgniter\Database\Config::connect()
 4 APPPATH\Controllers\Phases.php(18): CodeIgniter\Model->__construct()
 5 SYSTEMPATH\CodeIgniter.php(904): App\Controllers\Phases->__construct()
 6 SYSTEMPATH\CodeIgniter.php(488): CodeIgniter\CodeIgniter->createController()
 7 SYSTEMPATH\CodeIgniter.php(366): CodeIgniter\CodeIgniter->handleRequest()
 8 FCPATH\index.php(67): CodeIgniter\CodeIgniter->run()
 9 SYSTEMPATH\Commands\Server\rewrite.php(47): require_once('C:\\laragon\\www\\asadashboard\\public\\index.php')
CRITICAL - 2023-07-21 18:47:59 --> Undefined constant "CodeIgniter\Database\MySQLi\MYSQLI_STORE_RESULT"
in SYSTEMPATH\Database\Database.php on line 137.
 1 SYSTEMPATH\Database\Database.php(55): CodeIgniter\Database\Database->initDriver()
 2 SYSTEMPATH\Database\Config.php(82): CodeIgniter\Database\Database->load()
 3 SYSTEMPATH\Model.php(155): CodeIgniter\Database\Config::connect()
 4 APPPATH\Controllers\Phases.php(18): CodeIgniter\Model->__construct()
 5 SYSTEMPATH\CodeIgniter.php(904): App\Controllers\Phases->__construct()
 6 SYSTEMPATH\CodeIgniter.php(488): CodeIgniter\CodeIgniter->createController()
 7 SYSTEMPATH\CodeIgniter.php(366): CodeIgniter\CodeIgniter->handleRequest()
 8 FCPATH\index.php(67): CodeIgniter\CodeIgniter->run()
 9 SYSTEMPATH\Commands\Server\rewrite.php(47): require_once('C:\\laragon\\www\\asadashboard\\public\\index.php')
CRITICAL - 2023-07-21 18:48:04 --> Undefined constant "CodeIgniter\Database\MySQLi\MYSQLI_STORE_RESULT"
in SYSTEMPATH\Database\Database.php on line 137.
 1 SYSTEMPATH\Database\Database.php(55): CodeIgniter\Database\Database->initDriver()
 2 SYSTEMPATH\Database\Config.php(82): CodeIgniter\Database\Database->load()
 3 SYSTEMPATH\Model.php(155): CodeIgniter\Database\Config::connect()
 4 APPPATH\Controllers\Phases.php(18): CodeIgniter\Model->__construct()
 5 SYSTEMPATH\CodeIgniter.php(904): App\Controllers\Phases->__construct()
 6 SYSTEMPATH\CodeIgniter.php(488): CodeIgniter\CodeIgniter->createController()
 7 SYSTEMPATH\CodeIgniter.php(366): CodeIgniter\CodeIgniter->handleRequest()
 8 FCPATH\index.php(67): CodeIgniter\CodeIgniter->run()
 9 SYSTEMPATH\Commands\Server\rewrite.php(47): require_once('C:\\laragon\\www\\asadashboard\\public\\index.php')
CRITICAL - 2023-07-21 18:48:04 --> Undefined constant "CodeIgniter\Database\MySQLi\MYSQLI_STORE_RESULT"
in SYSTEMPATH\Database\Database.php on line 137.
 1 SYSTEMPATH\Database\Database.php(55): CodeIgniter\Database\Database->initDriver()
 2 SYSTEMPATH\Database\Config.php(82): CodeIgniter\Database\Database->load()
 3 SYSTEMPATH\Model.php(155): CodeIgniter\Database\Config::connect()
 4 APPPATH\Controllers\Phases.php(18): CodeIgniter\Model->__construct()
 5 SYSTEMPATH\CodeIgniter.php(904): App\Controllers\Phases->__construct()
 6 SYSTEMPATH\CodeIgniter.php(488): CodeIgniter\CodeIgniter->createController()
 7 SYSTEMPATH\CodeIgniter.php(366): CodeIgniter\CodeIgniter->handleRequest()
 8 FCPATH\index.php(67): CodeIgniter\CodeIgniter->run()
 9 SYSTEMPATH\Commands\Server\rewrite.php(47): require_once('C:\\laragon\\www\\asadashboard\\public\\index.php')
CRITICAL - 2023-07-21 18:48:07 --> Undefined constant "CodeIgniter\Database\MySQLi\MYSQLI_STORE_RESULT"
in SYSTEMPATH\Database\Database.php on line 137.
 1 SYSTEMPATH\Database\Database.php(55): CodeIgniter\Database\Database->initDriver()
 2 SYSTEMPATH\Database\Config.php(82): CodeIgniter\Database\Database->load()
 3 SYSTEMPATH\Model.php(155): CodeIgniter\Database\Config::connect()
 4 APPPATH\Controllers\Phases.php(18): CodeIgniter\Model->__construct()
 5 SYSTEMPATH\CodeIgniter.php(904): App\Controllers\Phases->__construct()
 6 SYSTEMPATH\CodeIgniter.php(488): CodeIgniter\CodeIgniter->createController()
 7 SYSTEMPATH\CodeIgniter.php(366): CodeIgniter\CodeIgniter->handleRequest()
 8 FCPATH\index.php(67): CodeIgniter\CodeIgniter->run()
 9 SYSTEMPATH\Commands\Server\rewrite.php(47): require_once('C:\\laragon\\www\\asadashboard\\public\\index.php')
CRITICAL - 2023-07-21 18:48:07 --> Undefined constant "CodeIgniter\Database\MySQLi\MYSQLI_STORE_RESULT"
in SYSTEMPATH\Database\Database.php on line 137.
 1 SYSTEMPATH\Database\Database.php(55): CodeIgniter\Database\Database->initDriver()
 2 SYSTEMPATH\Database\Config.php(82): CodeIgniter\Database\Database->load()
 3 SYSTEMPATH\Model.php(155): CodeIgniter\Database\Config::connect()
 4 APPPATH\Controllers\Phases.php(18): CodeIgniter\Model->__construct()
 5 SYSTEMPATH\CodeIgniter.php(904): App\Controllers\Phases->__construct()
 6 SYSTEMPATH\CodeIgniter.php(488): CodeIgniter\CodeIgniter->createController()
 7 SYSTEMPATH\CodeIgniter.php(366): CodeIgniter\CodeIgniter->handleRequest()
 8 FCPATH\index.php(67): CodeIgniter\CodeIgniter->run()
 9 SYSTEMPATH\Commands\Server\rewrite.php(47): require_once('C:\\laragon\\www\\asadashboard\\public\\index.php')
CRITICAL - 2023-07-21 18:48:07 --> Undefined constant "CodeIgniter\Database\MySQLi\MYSQLI_STORE_RESULT"
in SYSTEMPATH\Database\Database.php on line 137.
 1 SYSTEMPATH\Database\Database.php(55): CodeIgniter\Database\Database->initDriver()
 2 SYSTEMPATH\Database\Config.php(82): CodeIgniter\Database\Database->load()
 3 SYSTEMPATH\Model.php(155): CodeIgniter\Database\Config::connect()
 4 APPPATH\Controllers\Phases.php(18): CodeIgniter\Model->__construct()
 5 SYSTEMPATH\CodeIgniter.php(904): App\Controllers\Phases->__construct()
 6 SYSTEMPATH\CodeIgniter.php(488): CodeIgniter\CodeIgniter->createController()
 7 SYSTEMPATH\CodeIgniter.php(366): CodeIgniter\CodeIgniter->handleRequest()
 8 FCPATH\index.php(67): CodeIgniter\CodeIgniter->run()
 9 SYSTEMPATH\Commands\Server\rewrite.php(47): require_once('C:\\laragon\\www\\asadashboard\\public\\index.php')
CRITICAL - 2023-07-21 18:48:07 --> Undefined constant "CodeIgniter\Database\MySQLi\MYSQLI_STORE_RESULT"
in SYSTEMPATH\Database\Database.php on line 137.
 1 SYSTEMPATH\Database\Database.php(55): CodeIgniter\Database\Database->initDriver()
 2 SYSTEMPATH\Database\Config.php(82): CodeIgniter\Database\Database->load()
 3 SYSTEMPATH\Model.php(155): CodeIgniter\Database\Config::connect()
 4 APPPATH\Controllers\Phases.php(18): CodeIgniter\Model->__construct()
 5 SYSTEMPATH\CodeIgniter.php(904): App\Controllers\Phases->__construct()
 6 SYSTEMPATH\CodeIgniter.php(488): CodeIgniter\CodeIgniter->createController()
 7 SYSTEMPATH\CodeIgniter.php(366): CodeIgniter\CodeIgniter->handleRequest()
 8 FCPATH\index.php(67): CodeIgniter\CodeIgniter->run()
 9 SYSTEMPATH\Commands\Server\rewrite.php(47): require_once('C:\\laragon\\www\\asadashboard\\public\\index.php')
CRITICAL - 2023-07-21 18:48:08 --> Undefined constant "CodeIgniter\Database\MySQLi\MYSQLI_STORE_RESULT"
in SYSTEMPATH\Database\Database.php on line 137.
 1 SYSTEMPATH\Database\Database.php(55): CodeIgniter\Database\Database->initDriver()
 2 SYSTEMPATH\Database\Config.php(82): CodeIgniter\Database\Database->load()
 3 SYSTEMPATH\Model.php(155): CodeIgniter\Database\Config::connect()
 4 APPPATH\Controllers\Phases.php(18): CodeIgniter\Model->__construct()
 5 SYSTEMPATH\CodeIgniter.php(904): App\Controllers\Phases->__construct()
 6 SYSTEMPATH\CodeIgniter.php(488): CodeIgniter\CodeIgniter->createController()
 7 SYSTEMPATH\CodeIgniter.php(366): CodeIgniter\CodeIgniter->handleRequest()
 8 FCPATH\index.php(67): CodeIgniter\CodeIgniter->run()
 9 SYSTEMPATH\Commands\Server\rewrite.php(47): require_once('C:\\laragon\\www\\asadashboard\\public\\index.php')
CRITICAL - 2023-07-21 18:48:08 --> Undefined constant "CodeIgniter\Database\MySQLi\MYSQLI_STORE_RESULT"
in SYSTEMPATH\Database\Database.php on line 137.
 1 SYSTEMPATH\Database\Database.php(55): CodeIgniter\Database\Database->initDriver()
 2 SYSTEMPATH\Database\Config.php(82): CodeIgniter\Database\Database->load()
 3 SYSTEMPATH\Model.php(155): CodeIgniter\Database\Config::connect()
 4 APPPATH\Controllers\Phases.php(18): CodeIgniter\Model->__construct()
 5 SYSTEMPATH\CodeIgniter.php(904): App\Controllers\Phases->__construct()
 6 SYSTEMPATH\CodeIgniter.php(488): CodeIgniter\CodeIgniter->createController()
 7 SYSTEMPATH\CodeIgniter.php(366): CodeIgniter\CodeIgniter->handleRequest()
 8 FCPATH\index.php(67): CodeIgniter\CodeIgniter->run()
 9 SYSTEMPATH\Commands\Server\rewrite.php(47): require_once('C:\\laragon\\www\\asadashboard\\public\\index.php')
CRITICAL - 2023-07-21 18:48:08 --> Undefined constant "CodeIgniter\Database\MySQLi\MYSQLI_STORE_RESULT"
in SYSTEMPATH\Database\Database.php on line 137.
 1 SYSTEMPATH\Database\Database.php(55): CodeIgniter\Database\Database->initDriver()
 2 SYSTEMPATH\Database\Config.php(82): CodeIgniter\Database\Database->load()
 3 SYSTEMPATH\Model.php(155): CodeIgniter\Database\Config::connect()
 4 APPPATH\Controllers\Phases.php(18): CodeIgniter\Model->__construct()
 5 SYSTEMPATH\CodeIgniter.php(904): App\Controllers\Phases->__construct()
 6 SYSTEMPATH\CodeIgniter.php(488): CodeIgniter\CodeIgniter->createController()
 7 SYSTEMPATH\CodeIgniter.php(366): CodeIgniter\CodeIgniter->handleRequest()
 8 FCPATH\index.php(67): CodeIgniter\CodeIgniter->run()
 9 SYSTEMPATH\Commands\Server\rewrite.php(47): require_once('C:\\laragon\\www\\asadashboard\\public\\index.php')
CRITICAL - 2023-07-21 18:48:16 --> Undefined constant "CodeIgniter\Database\MySQLi\MYSQLI_STORE_RESULT"
in SYSTEMPATH\Database\Database.php on line 137.
 1 SYSTEMPATH\Database\Database.php(55): CodeIgniter\Database\Database->initDriver()
 2 SYSTEMPATH\Database\Config.php(82): CodeIgniter\Database\Database->load()
 3 SYSTEMPATH\Model.php(155): CodeIgniter\Database\Config::connect()
 4 APPPATH\Controllers\Phases.php(18): CodeIgniter\Model->__construct()
 5 SYSTEMPATH\CodeIgniter.php(904): App\Controllers\Phases->__construct()
 6 SYSTEMPATH\CodeIgniter.php(488): CodeIgniter\CodeIgniter->createController()
 7 SYSTEMPATH\CodeIgniter.php(366): CodeIgniter\CodeIgniter->handleRequest()
 8 FCPATH\index.php(67): CodeIgniter\CodeIgniter->run()
 9 SYSTEMPATH\Commands\Server\rewrite.php(47): require_once('C:\\laragon\\www\\asadashboard\\public\\index.php')
CRITICAL - 2023-07-21 18:48:32 --> Namespace declaration statement has to be the very first statement or after any declare call in the script
in APPPATH\Controllers\Phases.php on line 4.
 1 [internal function]: CodeIgniter\Debug\Exceptions->shutdownHandler()
CRITICAL - 2023-07-21 18:48:35 --> Undefined constant "CodeIgniter\Database\MySQLi\MYSQLI_STORE_RESULT"
in SYSTEMPATH\Database\Database.php on line 137.
 1 SYSTEMPATH\Database\Database.php(55): CodeIgniter\Database\Database->initDriver()
 2 SYSTEMPATH\Database\Config.php(82): CodeIgniter\Database\Database->load()
 3 SYSTEMPATH\Model.php(155): CodeIgniter\Database\Config::connect()
 4 APPPATH\Controllers\Phases.php(18): CodeIgniter\Model->__construct()
 5 SYSTEMPATH\CodeIgniter.php(904): App\Controllers\Phases->__construct()
 6 SYSTEMPATH\CodeIgniter.php(488): CodeIgniter\CodeIgniter->createController()
 7 SYSTEMPATH\CodeIgniter.php(366): CodeIgniter\CodeIgniter->handleRequest()
 8 FCPATH\index.php(67): CodeIgniter\CodeIgniter->run()
 9 SYSTEMPATH\Commands\Server\rewrite.php(47): require_once('C:\\laragon\\www\\asadashboard\\public\\index.php')
CRITICAL - 2023-07-21 18:48:40 --> syntax error, unexpected token "echo", expecting "function" or "const"
in APPPATH\Controllers\Phases.php on line 12.
 1 SYSTEMPATH\Autoloader\Autoloader.php(289): CodeIgniter\Autoloader\Autoloader->includeFile()
 2 SYSTEMPATH\Autoloader\Autoloader.php(267): CodeIgniter\Autoloader\Autoloader->loadInNamespace()
 3 [internal function]: CodeIgniter\Autoloader\Autoloader->loadClass()
 4 SYSTEMPATH\CodeIgniter.php(890): class_exists()
 5 SYSTEMPATH\CodeIgniter.php(484): CodeIgniter\CodeIgniter->startController()
 6 SYSTEMPATH\CodeIgniter.php(366): CodeIgniter\CodeIgniter->handleRequest()
 7 FCPATH\index.php(67): CodeIgniter\CodeIgniter->run()
 8 SYSTEMPATH\Commands\Server\rewrite.php(47): require_once('C:\\laragon\\www\\asadashboard\\public\\index.php')
CRITICAL - 2023-07-21 18:48:45 --> Undefined constant "CodeIgniter\Database\MySQLi\MYSQLI_STORE_RESULT"
in SYSTEMPATH\Database\Database.php on line 137.
 1 SYSTEMPATH\Database\Database.php(55): CodeIgniter\Database\Database->initDriver()
 2 SYSTEMPATH\Database\Config.php(82): CodeIgniter\Database\Database->load()
 3 SYSTEMPATH\Model.php(155): CodeIgniter\Database\Config::connect()
 4 APPPATH\Controllers\Phases.php(18): CodeIgniter\Model->__construct()
 5 SYSTEMPATH\CodeIgniter.php(904): App\Controllers\Phases->__construct()
 6 SYSTEMPATH\CodeIgniter.php(488): CodeIgniter\CodeIgniter->createController()
 7 SYSTEMPATH\CodeIgniter.php(366): CodeIgniter\CodeIgniter->handleRequest()
 8 FCPATH\index.php(67): CodeIgniter\CodeIgniter->run()
 9 SYSTEMPATH\Commands\Server\rewrite.php(47): require_once('C:\\laragon\\www\\asadashboard\\public\\index.php')
CRITICAL - 2023-07-21 18:48:52 --> Undefined constant "CodeIgniter\Database\MySQLi\MYSQLI_STORE_RESULT"
in SYSTEMPATH\Database\Database.php on line 137.
 1 SYSTEMPATH\Database\Database.php(55): CodeIgniter\Database\Database->initDriver()
 2 SYSTEMPATH\Database\Config.php(82): CodeIgniter\Database\Database->load()
 3 SYSTEMPATH\Model.php(155): CodeIgniter\Database\Config::connect()
 4 APPPATH\Controllers\Phases.php(18): CodeIgniter\Model->__construct()
 5 SYSTEMPATH\CodeIgniter.php(904): App\Controllers\Phases->__construct()
 6 SYSTEMPATH\CodeIgniter.php(488): CodeIgniter\CodeIgniter->createController()
 7 SYSTEMPATH\CodeIgniter.php(366): CodeIgniter\CodeIgniter->handleRequest()
 8 FCPATH\index.php(67): CodeIgniter\CodeIgniter->run()
 9 SYSTEMPATH\Commands\Server\rewrite.php(47): require_once('C:\\laragon\\www\\asadashboard\\public\\index.php')
CRITICAL - 2023-07-21 18:48:56 --> Undefined constant "CodeIgniter\Database\MySQLi\MYSQLI_STORE_RESULT"
in SYSTEMPATH\Database\Database.php on line 137.
 1 SYSTEMPATH\Database\Database.php(55): CodeIgniter\Database\Database->initDriver()
 2 SYSTEMPATH\Database\Config.php(82): CodeIgniter\Database\Database->load()
 3 SYSTEMPATH\Model.php(155): CodeIgniter\Database\Config::connect()
 4 APPPATH\Controllers\Phases.php(18): CodeIgniter\Model->__construct()
 5 SYSTEMPATH\CodeIgniter.php(904): App\Controllers\Phases->__construct()
 6 SYSTEMPATH\CodeIgniter.php(488): CodeIgniter\CodeIgniter->createController()
 7 SYSTEMPATH\CodeIgniter.php(366): CodeIgniter\CodeIgniter->handleRequest()
 8 FCPATH\index.php(67): CodeIgniter\CodeIgniter->run()
 9 SYSTEMPATH\Commands\Server\rewrite.php(47): require_once('C:\\laragon\\www\\asadashboard\\public\\index.php')
CRITICAL - 2023-07-21 18:48:57 --> Undefined constant "CodeIgniter\Database\MySQLi\MYSQLI_STORE_RESULT"
in SYSTEMPATH\Database\Database.php on line 137.
 1 SYSTEMPATH\Database\Database.php(55): CodeIgniter\Database\Database->initDriver()
 2 SYSTEMPATH\Database\Config.php(82): CodeIgniter\Database\Database->load()
 3 SYSTEMPATH\Model.php(155): CodeIgniter\Database\Config::connect()
 4 APPPATH\Controllers\Phases.php(18): CodeIgniter\Model->__construct()
 5 SYSTEMPATH\CodeIgniter.php(904): App\Controllers\Phases->__construct()
 6 SYSTEMPATH\CodeIgniter.php(488): CodeIgniter\CodeIgniter->createController()
 7 SYSTEMPATH\CodeIgniter.php(366): CodeIgniter\CodeIgniter->handleRequest()
 8 FCPATH\index.php(67): CodeIgniter\CodeIgniter->run()
 9 SYSTEMPATH\Commands\Server\rewrite.php(47): require_once('C:\\laragon\\www\\asadashboard\\public\\index.php')
CRITICAL - 2023-07-21 18:48:57 --> Undefined constant "CodeIgniter\Database\MySQLi\MYSQLI_STORE_RESULT"
in SYSTEMPATH\Database\Database.php on line 137.
 1 SYSTEMPATH\Database\Database.php(55): CodeIgniter\Database\Database->initDriver()
 2 SYSTEMPATH\Database\Config.php(82): CodeIgniter\Database\Database->load()
 3 SYSTEMPATH\Model.php(155): CodeIgniter\Database\Config::connect()
 4 APPPATH\Controllers\Phases.php(18): CodeIgniter\Model->__construct()
 5 SYSTEMPATH\CodeIgniter.php(904): App\Controllers\Phases->__construct()
 6 SYSTEMPATH\CodeIgniter.php(488): CodeIgniter\CodeIgniter->createController()
 7 SYSTEMPATH\CodeIgniter.php(366): CodeIgniter\CodeIgniter->handleRequest()
 8 FCPATH\index.php(67): CodeIgniter\CodeIgniter->run()
 9 SYSTEMPATH\Commands\Server\rewrite.php(47): require_once('C:\\laragon\\www\\asadashboard\\public\\index.php')
CRITICAL - 2023-07-21 18:48:57 --> Undefined constant "CodeIgniter\Database\MySQLi\MYSQLI_STORE_RESULT"
in SYSTEMPATH\Database\Database.php on line 137.
 1 SYSTEMPATH\Database\Database.php(55): CodeIgniter\Database\Database->initDriver()
 2 SYSTEMPATH\Database\Config.php(82): CodeIgniter\Database\Database->load()
 3 SYSTEMPATH\Model.php(155): CodeIgniter\Database\Config::connect()
 4 APPPATH\Controllers\Phases.php(18): CodeIgniter\Model->__construct()
 5 SYSTEMPATH\CodeIgniter.php(904): App\Controllers\Phases->__construct()
 6 SYSTEMPATH\CodeIgniter.php(488): CodeIgniter\CodeIgniter->createController()
 7 SYSTEMPATH\CodeIgniter.php(366): CodeIgniter\CodeIgniter->handleRequest()
 8 FCPATH\index.php(67): CodeIgniter\CodeIgniter->run()
 9 SYSTEMPATH\Commands\Server\rewrite.php(47): require_once('C:\\laragon\\www\\asadashboard\\public\\index.php')
CRITICAL - 2023-07-21 18:48:58 --> Undefined constant "CodeIgniter\Database\MySQLi\MYSQLI_STORE_RESULT"
in SYSTEMPATH\Database\Database.php on line 137.
 1 SYSTEMPATH\Database\Database.php(55): CodeIgniter\Database\Database->initDriver()
 2 SYSTEMPATH\Database\Config.php(82): CodeIgniter\Database\Database->load()
 3 SYSTEMPATH\Model.php(155): CodeIgniter\Database\Config::connect()
 4 APPPATH\Controllers\Phases.php(18): CodeIgniter\Model->__construct()
 5 SYSTEMPATH\CodeIgniter.php(904): App\Controllers\Phases->__construct()
 6 SYSTEMPATH\CodeIgniter.php(488): CodeIgniter\CodeIgniter->createController()
 7 SYSTEMPATH\CodeIgniter.php(366): CodeIgniter\CodeIgniter->handleRequest()
 8 FCPATH\index.php(67): CodeIgniter\CodeIgniter->run()
 9 SYSTEMPATH\Commands\Server\rewrite.php(47): require_once('C:\\laragon\\www\\asadashboard\\public\\index.php')
CRITICAL - 2023-07-21 18:48:58 --> Undefined constant "CodeIgniter\Database\MySQLi\MYSQLI_STORE_RESULT"
in SYSTEMPATH\Database\Database.php on line 137.
 1 SYSTEMPATH\Database\Database.php(55): CodeIgniter\Database\Database->initDriver()
 2 SYSTEMPATH\Database\Config.php(82): CodeIgniter\Database\Database->load()
 3 SYSTEMPATH\Model.php(155): CodeIgniter\Database\Config::connect()
 4 APPPATH\Controllers\Phases.php(18): CodeIgniter\Model->__construct()
 5 SYSTEMPATH\CodeIgniter.php(904): App\Controllers\Phases->__construct()
 6 SYSTEMPATH\CodeIgniter.php(488): CodeIgniter\CodeIgniter->createController()
 7 SYSTEMPATH\CodeIgniter.php(366): CodeIgniter\CodeIgniter->handleRequest()
 8 FCPATH\index.php(67): CodeIgniter\CodeIgniter->run()
 9 SYSTEMPATH\Commands\Server\rewrite.php(47): require_once('C:\\laragon\\www\\asadashboard\\public\\index.php')
CRITICAL - 2023-07-21 18:48:58 --> Undefined constant "CodeIgniter\Database\MySQLi\MYSQLI_STORE_RESULT"
in SYSTEMPATH\Database\Database.php on line 137.
 1 SYSTEMPATH\Database\Database.php(55): CodeIgniter\Database\Database->initDriver()
 2 SYSTEMPATH\Database\Config.php(82): CodeIgniter\Database\Database->load()
 3 SYSTEMPATH\Model.php(155): CodeIgniter\Database\Config::connect()
 4 APPPATH\Controllers\Phases.php(18): CodeIgniter\Model->__construct()
 5 SYSTEMPATH\CodeIgniter.php(904): App\Controllers\Phases->__construct()
 6 SYSTEMPATH\CodeIgniter.php(488): CodeIgniter\CodeIgniter->createController()
 7 SYSTEMPATH\CodeIgniter.php(366): CodeIgniter\CodeIgniter->handleRequest()
 8 FCPATH\index.php(67): CodeIgniter\CodeIgniter->run()
 9 SYSTEMPATH\Commands\Server\rewrite.php(47): require_once('C:\\laragon\\www\\asadashboard\\public\\index.php')
CRITICAL - 2023-07-21 18:49:02 --> Undefined constant "CodeIgniter\Database\MySQLi\MYSQLI_STORE_RESULT"
in SYSTEMPATH\Database\Database.php on line 137.
 1 SYSTEMPATH\Database\Database.php(55): CodeIgniter\Database\Database->initDriver()
 2 SYSTEMPATH\Database\Config.php(82): CodeIgniter\Database\Database->load()
 3 SYSTEMPATH\Model.php(155): CodeIgniter\Database\Config::connect()
 4 APPPATH\Controllers\Phases.php(18): CodeIgniter\Model->__construct()
 5 SYSTEMPATH\CodeIgniter.php(904): App\Controllers\Phases->__construct()
 6 SYSTEMPATH\CodeIgniter.php(488): CodeIgniter\CodeIgniter->createController()
 7 SYSTEMPATH\CodeIgniter.php(366): CodeIgniter\CodeIgniter->handleRequest()
 8 FCPATH\index.php(67): CodeIgniter\CodeIgniter->run()
 9 SYSTEMPATH\Commands\Server\rewrite.php(47): require_once('C:\\laragon\\www\\asadashboard\\public\\index.php')
CRITICAL - 2023-07-21 18:49:03 --> Undefined constant "CodeIgniter\Database\MySQLi\MYSQLI_STORE_RESULT"
in SYSTEMPATH\Database\Database.php on line 137.
 1 SYSTEMPATH\Database\Database.php(55): CodeIgniter\Database\Database->initDriver()
 2 SYSTEMPATH\Database\Config.php(82): CodeIgniter\Database\Database->load()
 3 SYSTEMPATH\Model.php(155): CodeIgniter\Database\Config::connect()
 4 APPPATH\Controllers\Phases.php(18): CodeIgniter\Model->__construct()
 5 SYSTEMPATH\CodeIgniter.php(904): App\Controllers\Phases->__construct()
 6 SYSTEMPATH\CodeIgniter.php(488): CodeIgniter\CodeIgniter->createController()
 7 SYSTEMPATH\CodeIgniter.php(366): CodeIgniter\CodeIgniter->handleRequest()
 8 FCPATH\index.php(67): CodeIgniter\CodeIgniter->run()
 9 SYSTEMPATH\Commands\Server\rewrite.php(47): require_once('C:\\laragon\\www\\asadashboard\\public\\index.php')
CRITICAL - 2023-07-21 18:49:17 --> Undefined constant "CodeIgniter\Database\MySQLi\MYSQLI_STORE_RESULT"
in SYSTEMPATH\Database\Database.php on line 137.
 1 SYSTEMPATH\Database\Database.php(55): CodeIgniter\Database\Database->initDriver()
 2 SYSTEMPATH\Database\Config.php(82): CodeIgniter\Database\Database->load()
 3 SYSTEMPATH\Model.php(155): CodeIgniter\Database\Config::connect()
 4 APPPATH\Controllers\Phases.php(18): CodeIgniter\Model->__construct()
 5 SYSTEMPATH\CodeIgniter.php(904): App\Controllers\Phases->__construct()
 6 SYSTEMPATH\CodeIgniter.php(488): CodeIgniter\CodeIgniter->createController()
 7 SYSTEMPATH\CodeIgniter.php(366): CodeIgniter\CodeIgniter->handleRequest()
 8 FCPATH\index.php(67): CodeIgniter\CodeIgniter->run()
 9 SYSTEMPATH\Commands\Server\rewrite.php(47): require_once('C:\\laragon\\www\\asadashboard\\public\\index.php')
CRITICAL - 2023-07-21 18:49:31 --> Undefined constant "CodeIgniter\Database\MySQLi\MYSQLI_STORE_RESULT"
in SYSTEMPATH\Database\Database.php on line 137.
 1 SYSTEMPATH\Database\Database.php(55): CodeIgniter\Database\Database->initDriver()
 2 SYSTEMPATH\Database\Config.php(82): CodeIgniter\Database\Database->load()
 3 SYSTEMPATH\Model.php(155): CodeIgniter\Database\Config::connect()
 4 APPPATH\Controllers\Phases.php(18): CodeIgniter\Model->__construct()
 5 SYSTEMPATH\CodeIgniter.php(904): App\Controllers\Phases->__construct()
 6 SYSTEMPATH\CodeIgniter.php(488): CodeIgniter\CodeIgniter->createController()
 7 SYSTEMPATH\CodeIgniter.php(366): CodeIgniter\CodeIgniter->handleRequest()
 8 FCPATH\index.php(67): CodeIgniter\CodeIgniter->run()
 9 SYSTEMPATH\Commands\Server\rewrite.php(47): require_once('C:\\laragon\\www\\asadashboard\\public\\index.php')
CRITICAL - 2023-07-21 18:49:53 --> Undefined constant "CodeIgniter\Database\MySQLi\MYSQLI_STORE_RESULT"
in SYSTEMPATH\Database\Database.php on line 137.
 1 SYSTEMPATH\Database\Database.php(55): CodeIgniter\Database\Database->initDriver()
 2 SYSTEMPATH\Database\Config.php(82): CodeIgniter\Database\Database->load()
 3 SYSTEMPATH\Model.php(155): CodeIgniter\Database\Config::connect()
 4 APPPATH\Controllers\Phases.php(18): CodeIgniter\Model->__construct()
 5 SYSTEMPATH\CodeIgniter.php(904): App\Controllers\Phases->__construct()
 6 SYSTEMPATH\CodeIgniter.php(488): CodeIgniter\CodeIgniter->createController()
 7 SYSTEMPATH\CodeIgniter.php(366): CodeIgniter\CodeIgniter->handleRequest()
 8 FCPATH\index.php(67): CodeIgniter\CodeIgniter->run()
 9 SYSTEMPATH\Commands\Server\rewrite.php(47): require_once('C:\\laragon\\www\\asadashboard\\public\\index.php')
CRITICAL - 2023-07-21 18:49:53 --> Undefined constant "CodeIgniter\Database\MySQLi\MYSQLI_STORE_RESULT"
in SYSTEMPATH\Database\Database.php on line 137.
 1 SYSTEMPATH\Database\Database.php(55): CodeIgniter\Database\Database->initDriver()
 2 SYSTEMPATH\Database\Config.php(82): CodeIgniter\Database\Database->load()
 3 SYSTEMPATH\Model.php(155): CodeIgniter\Database\Config::connect()
 4 APPPATH\Controllers\Phases.php(18): CodeIgniter\Model->__construct()
 5 SYSTEMPATH\CodeIgniter.php(904): App\Controllers\Phases->__construct()
 6 SYSTEMPATH\CodeIgniter.php(488): CodeIgniter\CodeIgniter->createController()
 7 SYSTEMPATH\CodeIgniter.php(366): CodeIgniter\CodeIgniter->handleRequest()
 8 FCPATH\index.php(67): CodeIgniter\CodeIgniter->run()
 9 SYSTEMPATH\Commands\Server\rewrite.php(47): require_once('C:\\laragon\\www\\asadashboard\\public\\index.php')
CRITICAL - 2023-07-21 18:49:58 --> Invalid file: "layout/master.php"
in SYSTEMPATH\Exceptions\FrameworkException.php on line 33.
 1 SYSTEMPATH\View\View.php(212): CodeIgniter\Exceptions\FrameworkException::forInvalidFile()
 2 SYSTEMPATH\View\View.php(240): CodeIgniter\View\View->render()
 3 SYSTEMPATH\Common.php(1180): CodeIgniter\View\View->render()
 4 APPPATH\Controllers\Phases.php(32): view()
 5 SYSTEMPATH\CodeIgniter.php(932): App\Controllers\Phases->index()
 6 SYSTEMPATH\CodeIgniter.php(497): CodeIgniter\CodeIgniter->runController()
 7 SYSTEMPATH\CodeIgniter.php(366): CodeIgniter\CodeIgniter->handleRequest()
 8 FCPATH\index.php(67): CodeIgniter\CodeIgniter->run()
 9 SYSTEMPATH\Commands\Server\rewrite.php(47): require_once('C:\\laragon\\www\\asadashboard\\public\\index.php')
CRITICAL - 2023-07-21 18:50:13 --> Undefined constant "CodeIgniter\Database\MySQLi\MYSQLI_STORE_RESULT"
in SYSTEMPATH\Database\Database.php on line 137.
 1 SYSTEMPATH\Database\Database.php(55): CodeIgniter\Database\Database->initDriver()
 2 SYSTEMPATH\Database\Config.php(82): CodeIgniter\Database\Database->load()
 3 SYSTEMPATH\Model.php(155): CodeIgniter\Database\Config::connect()
 4 APPPATH\Controllers\Phases.php(18): CodeIgniter\Model->__construct()
 5 SYSTEMPATH\CodeIgniter.php(904): App\Controllers\Phases->__construct()
 6 SYSTEMPATH\CodeIgniter.php(488): CodeIgniter\CodeIgniter->createController()
 7 SYSTEMPATH\CodeIgniter.php(366): CodeIgniter\CodeIgniter->handleRequest()
 8 FCPATH\index.php(67): CodeIgniter\CodeIgniter->run()
 9 SYSTEMPATH\Commands\Server\rewrite.php(47): require_once('C:\\laragon\\www\\asadashboard\\public\\index.php')
CRITICAL - 2023-07-21 18:56:07 --> Invalid file: "layout/master.php"
in SYSTEMPATH\Exceptions\FrameworkException.php on line 33.
 1 SYSTEMPATH\View\View.php(212): CodeIgniter\Exceptions\FrameworkException::forInvalidFile()
 2 SYSTEMPATH\View\View.php(240): CodeIgniter\View\View->render()
 3 SYSTEMPATH\Common.php(1180): CodeIgniter\View\View->render()
 4 APPPATH\Controllers\Phases.php(32): view()
 5 SYSTEMPATH\CodeIgniter.php(932): App\Controllers\Phases->index()
 6 SYSTEMPATH\CodeIgniter.php(497): CodeIgniter\CodeIgniter->runController()
 7 SYSTEMPATH\CodeIgniter.php(366): CodeIgniter\CodeIgniter->handleRequest()
 8 FCPATH\index.php(67): CodeIgniter\CodeIgniter->run()
 9 SYSTEMPATH\Commands\Server\rewrite.php(47): require_once('C:\\laragon\\www\\asadashboard\\public\\index.php')
CRITICAL - 2023-07-21 18:56:56 --> Invalid file: "layout/master.php"
in SYSTEMPATH\Exceptions\FrameworkException.php on line 33.
 1 SYSTEMPATH\View\View.php(212): CodeIgniter\Exceptions\FrameworkException::forInvalidFile()
 2 SYSTEMPATH\View\View.php(240): CodeIgniter\View\View->render()
 3 SYSTEMPATH\Common.php(1180): CodeIgniter\View\View->render()
 4 APPPATH\Controllers\Phases.php(32): view()
 5 SYSTEMPATH\CodeIgniter.php(932): App\Controllers\Phases->index()
 6 SYSTEMPATH\CodeIgniter.php(497): CodeIgniter\CodeIgniter->runController()
 7 SYSTEMPATH\CodeIgniter.php(366): CodeIgniter\CodeIgniter->handleRequest()
 8 FCPATH\index.php(67): CodeIgniter\CodeIgniter->run()
 9 SYSTEMPATH\Commands\Server\rewrite.php(47): require_once('C:\\laragon\\www\\asadashboard\\public\\index.php')
CRITICAL - 2023-07-21 18:58:33 --> Undefined constant "CodeIgniter\Database\MySQLi\MYSQLI_STORE_RESULT"
in SYSTEMPATH\Database\Database.php on line 137.
 1 SYSTEMPATH\Database\Database.php(55): CodeIgniter\Database\Database->initDriver()
 2 SYSTEMPATH\Database\Config.php(82): CodeIgniter\Database\Database->load()
 3 SYSTEMPATH\Model.php(155): CodeIgniter\Database\Config::connect()
 4 APPPATH\Controllers\Phases.php(18): CodeIgniter\Model->__construct()
 5 SYSTEMPATH\CodeIgniter.php(904): App\Controllers\Phases->__construct()
 6 SYSTEMPATH\CodeIgniter.php(488): CodeIgniter\CodeIgniter->createController()
 7 SYSTEMPATH\CodeIgniter.php(366): CodeIgniter\CodeIgniter->handleRequest()
 8 FCPATH\index.php(67): CodeIgniter\CodeIgniter->run()
 9 SYSTEMPATH\Commands\Server\rewrite.php(47): require_once('C:\\laragon\\www\\asadashboard\\public\\index.php')
CRITICAL - 2023-07-21 19:00:22 --> Class "CodeIgniter\Database\MySQL\Connection" not found
in SYSTEMPATH\Database\Database.php on line 137.
 1 SYSTEMPATH\Database\Database.php(55): CodeIgniter\Database\Database->initDriver()
 2 SYSTEMPATH\Database\Config.php(82): CodeIgniter\Database\Database->load()
 3 SYSTEMPATH\Model.php(155): CodeIgniter\Database\Config::connect()
 4 APPPATH\Controllers\Phases.php(18): CodeIgniter\Model->__construct()
 5 SYSTEMPATH\CodeIgniter.php(904): App\Controllers\Phases->__construct()
 6 SYSTEMPATH\CodeIgniter.php(488): CodeIgniter\CodeIgniter->createController()
 7 SYSTEMPATH\CodeIgniter.php(366): CodeIgniter\CodeIgniter->handleRequest()
 8 FCPATH\index.php(67): CodeIgniter\CodeIgniter->run()
 9 SYSTEMPATH\Commands\Server\rewrite.php(47): require_once('C:\\laragon\\www\\asadashboard\\public\\index.php')
CRITICAL - 2023-07-21 19:00:24 --> Class "CodeIgniter\Database\MySQL\Connection" not found
in SYSTEMPATH\Database\Database.php on line 137.
 1 SYSTEMPATH\Database\Database.php(55): CodeIgniter\Database\Database->initDriver()
 2 SYSTEMPATH\Database\Config.php(82): CodeIgniter\Database\Database->load()
 3 SYSTEMPATH\Model.php(155): CodeIgniter\Database\Config::connect()
 4 APPPATH\Controllers\Phases.php(18): CodeIgniter\Model->__construct()
 5 SYSTEMPATH\CodeIgniter.php(904): App\Controllers\Phases->__construct()
 6 SYSTEMPATH\CodeIgniter.php(488): CodeIgniter\CodeIgniter->createController()
 7 SYSTEMPATH\CodeIgniter.php(366): CodeIgniter\CodeIgniter->handleRequest()
 8 FCPATH\index.php(67): CodeIgniter\CodeIgniter->run()
 9 SYSTEMPATH\Commands\Server\rewrite.php(47): require_once('C:\\laragon\\www\\asadashboard\\public\\index.php')
CRITICAL - 2023-07-21 19:00:27 --> Undefined constant "CodeIgniter\Database\MySQLi\MYSQLI_STORE_RESULT"
in SYSTEMPATH\Database\Database.php on line 137.
 1 SYSTEMPATH\Database\Database.php(55): CodeIgniter\Database\Database->initDriver()
 2 SYSTEMPATH\Database\Config.php(82): CodeIgniter\Database\Database->load()
 3 SYSTEMPATH\Model.php(155): CodeIgniter\Database\Config::connect()
 4 APPPATH\Controllers\Phases.php(18): CodeIgniter\Model->__construct()
 5 SYSTEMPATH\CodeIgniter.php(904): App\Controllers\Phases->__construct()
 6 SYSTEMPATH\CodeIgniter.php(488): CodeIgniter\CodeIgniter->createController()
 7 SYSTEMPATH\CodeIgniter.php(366): CodeIgniter\CodeIgniter->handleRequest()
 8 FCPATH\index.php(67): CodeIgniter\CodeIgniter->run()
 9 SYSTEMPATH\Commands\Server\rewrite.php(47): require_once('C:\\laragon\\www\\asadashboard\\public\\index.php')
CRITICAL - 2023-07-21 19:00:43 --> Undefined constant "CodeIgniter\Database\MySQLi\MYSQLI_STORE_RESULT"
in SYSTEMPATH\Database\Database.php on line 137.
 1 SYSTEMPATH\Database\Database.php(55): CodeIgniter\Database\Database->initDriver()
 2 SYSTEMPATH\Database\Config.php(82): CodeIgniter\Database\Database->load()
 3 SYSTEMPATH\Model.php(155): CodeIgniter\Database\Config::connect()
 4 APPPATH\Controllers\Phases.php(18): CodeIgniter\Model->__construct()
 5 SYSTEMPATH\CodeIgniter.php(904): App\Controllers\Phases->__construct()
 6 SYSTEMPATH\CodeIgniter.php(488): CodeIgniter\CodeIgniter->createController()
 7 SYSTEMPATH\CodeIgniter.php(366): CodeIgniter\CodeIgniter->handleRequest()
 8 FCPATH\index.php(67): CodeIgniter\CodeIgniter->run()
 9 SYSTEMPATH\Commands\Server\rewrite.php(47): require_once('C:\\laragon\\www\\asadashboard\\public\\index.php')
CRITICAL - 2023-07-21 19:00:44 --> Undefined constant "CodeIgniter\Database\MySQLi\MYSQLI_STORE_RESULT"
in SYSTEMPATH\Database\Database.php on line 137.
 1 SYSTEMPATH\Database\Database.php(55): CodeIgniter\Database\Database->initDriver()
 2 SYSTEMPATH\Database\Config.php(82): CodeIgniter\Database\Database->load()
 3 SYSTEMPATH\Model.php(155): CodeIgniter\Database\Config::connect()
 4 APPPATH\Controllers\Phases.php(18): CodeIgniter\Model->__construct()
 5 SYSTEMPATH\CodeIgniter.php(904): App\Controllers\Phases->__construct()
 6 SYSTEMPATH\CodeIgniter.php(488): CodeIgniter\CodeIgniter->createController()
 7 SYSTEMPATH\CodeIgniter.php(366): CodeIgniter\CodeIgniter->handleRequest()
 8 FCPATH\index.php(67): CodeIgniter\CodeIgniter->run()
 9 SYSTEMPATH\Commands\Server\rewrite.php(47): require_once('C:\\laragon\\www\\asadashboard\\public\\index.php')
CRITICAL - 2023-07-21 19:01:15 --> Undefined constant "CodeIgniter\Database\MySQLi\MYSQLI_STORE_RESULT"
in SYSTEMPATH\Database\Database.php on line 137.
 1 SYSTEMPATH\Database\Database.php(55): CodeIgniter\Database\Database->initDriver()
 2 SYSTEMPATH\Database\Config.php(82): CodeIgniter\Database\Database->load()
 3 SYSTEMPATH\Model.php(155): CodeIgniter\Database\Config::connect()
 4 APPPATH\Controllers\Phases.php(18): CodeIgniter\Model->__construct()
 5 SYSTEMPATH\CodeIgniter.php(904): App\Controllers\Phases->__construct()
 6 SYSTEMPATH\CodeIgniter.php(488): CodeIgniter\CodeIgniter->createController()
 7 SYSTEMPATH\CodeIgniter.php(366): CodeIgniter\CodeIgniter->handleRequest()
 8 FCPATH\index.php(67): CodeIgniter\CodeIgniter->run()
 9 SYSTEMPATH\Commands\Server\rewrite.php(47): require_once('C:\\laragon\\www\\asadashboard\\public\\index.php')
CRITICAL - 2023-07-21 19:03:20 --> Invalid file: "layout/master.php"
in SYSTEMPATH\Exceptions\FrameworkException.php on line 33.
 1 SYSTEMPATH\View\View.php(212): CodeIgniter\Exceptions\FrameworkException::forInvalidFile()
 2 SYSTEMPATH\View\View.php(240): CodeIgniter\View\View->render()
 3 SYSTEMPATH\Common.php(1180): CodeIgniter\View\View->render()
 4 APPPATH\Controllers\Phases.php(30): view()
 5 SYSTEMPATH\CodeIgniter.php(932): App\Controllers\Phases->index()
 6 SYSTEMPATH\CodeIgniter.php(497): CodeIgniter\CodeIgniter->runController()
 7 SYSTEMPATH\CodeIgniter.php(366): CodeIgniter\CodeIgniter->handleRequest()
 8 FCPATH\index.php(67): CodeIgniter\CodeIgniter->run()
 9 SYSTEMPATH\Commands\Server\rewrite.php(47): require_once('C:\\laragon\\www\\asadashboard\\public\\index.php')
